[Assets-Trace]: loaded asset: skybox.glsl
[Assets-Trace]: loaded asset: skybox/skybox_mat.hamaterial
[Assets-Trace]: loaded asset: opaque_pbr.glsl
[Assets-Trace]: loaded asset: Sponza/Sponza.gltf
[Assets-Trace]: loaded asset: skybox/day.haskybox
[Assets-Trace]: loaded asset: Sponza/8503262930880235456.jpg
[Assets-Trace]: loaded asset: Sponza/4477655471536070370.jpg
[Assets-Trace]: loaded asset: Sponza/715093869573992647.jpg
[Assets-Trace]: loaded asset: Sponza/8773302468495022225.jpg
[Assets-Trace]: loaded asset: Sponza/12501374198249454378.jpg
[Assets-Trace]: loaded asset: Sponza/7268504077753552595.jpg
[Assets-Trace]: loaded asset: Sponza/11872827283454512094.jpg
[Assets-Trace]: loaded asset: Sponza/13982482287905699490.jpg
[Assets-Trace]: loaded asset: Sponza/16885566240357350108.jpg
[Assets-Trace]: loaded asset: Sponza/15295713303328085182.jpg
[Assets-Trace]: loaded asset: Sponza/14650633544276105767.jpg
[Assets-Trace]: loaded asset: Sponza/2051777328469649772.jpg
[Assets-Trace]: loaded asset: Sponza/4871783166746854860.jpg
[Assets-Trace]: loaded asset: Sponza/8006627369776289000.png
[Assets-Trace]: loaded asset: Sponza/11968150294050148237.jpg
[Assets-Trace]: loaded asset: Sponza/5792855332885324923.jpg
[Assets-Trace]: loaded asset: Sponza/6047387724914829168.jpg
[Assets-Trace]: loaded asset: Sponza/9916269861720640319.jpg
[Assets-Trace]: loaded asset: Sponza/6667038893015345571.jpg
[Assets-Trace]: loaded asset: Sponza/16299174074766089871.jpg
[Assets-Trace]: loaded asset: Sponza/13824894030729245199.jpg
[Assets-Trace]: loaded asset: Sponza/white.png
[Assets-Trace]: loaded asset: Sponza/14267839433702832875.jpg
[Assets-Trace]: loaded asset: Sponza/7441062115984513793.jpg
[Assets-Trace]: loaded asset: Sponza/5823059166183034438.jpg
[Assets-Trace]: loaded asset: Sponza/5061699253647017043.png
[Assets-Trace]: loaded asset: Sponza/15722799267630235092.jpg
[Assets-Trace]: loaded asset: Sponza/11490520546946913238.jpg
[Assets-Trace]: loaded asset: Sponza/3628158980083700836.jpg
[Assets-Trace]: loaded asset: Sponza/8051790464816141987.jpg
[Assets-Trace]: loaded asset: Sponza/2299742237651021498.jpg
[Assets-Trace]: loaded asset: Sponza/8783994986360286082.jpg
[Assets-Trace]: loaded asset: Sponza/4975155472559461469.jpg
[Assets-Trace]: loaded asset: Sponza/8750083169368950601.jpg
[Assets-Trace]: loaded asset: Sponza/332936164838540657.jpg
[Assets-Trace]: loaded asset: Sponza/3455394979645218238.jpg
[Assets-Trace]: loaded asset: Sponza/7645212358685992005.jpg
[Assets-Trace]: loaded asset: Sponza/4675343432951571524.jpg
[Assets-Trace]: loaded asset: Sponza/7056944414013900257.jpg
[Assets-Trace]: loaded asset: Sponza/6151467286084645207.jpg
[Assets-Trace]: loaded asset: Sponza/1219024358953944284.jpg
[Assets-Trace]: loaded asset: Sponza/7815564343179553343.jpg
[Assets-Trace]: loaded asset: Sponza/6593109234861095314.jpg
[Assets-Trace]: loaded asset: Sponza/2185409758123873465.jpg
[Assets-Trace]: loaded asset: Sponza/10388182081421875623.jpg
[Assets-Trace]: loaded asset: Sponza/17876391417123941155.jpg
[Assets-Trace]: loaded asset: Sponza/2374361008830720677.jpg
[Assets-Trace]: loaded asset: Sponza/2775690330959970771.jpg
[Assets-Trace]: loaded asset: Sponza/4601176305987539675.jpg
[Assets-Trace]: loaded asset: Sponza/14170708867020035030.jpg
[Assets-Trace]: loaded asset: Sponza/8114461559286000061.jpg
[Assets-Trace]: loaded asset: Sponza/11474523244911310074.jpg
[Assets-Trace]: loaded asset: Sponza/2969916736137545357.jpg
[Assets-Trace]: loaded asset: Sponza/3827035219084910048.jpg
[Assets-Trace]: loaded asset: Sponza/755318871556304029.jpg
[Assets-Trace]: loaded asset: Sponza/9288698199695299068.jpg
[Assets-Trace]: loaded asset: Sponza/13196865903111448057.jpg
[Assets-Trace]: loaded asset: Sponza/4910669866631290573.jpg
[Assets-Trace]: loaded asset: Sponza/8481240838833932244.jpg
[Assets-Trace]: loaded asset: Sponza/10381718147657362067.jpg
[Assets-Trace]: loaded asset: Sponza/3371964815757888145.jpg
[Assets-Trace]: loaded asset: Sponza/17556969131407844942.jpg
[Assets-Trace]: loaded asset: Sponza/16275776544635328252.png
[Assets-Trace]: loaded asset: Sponza/8747919177698443163.jpg
[Assets-Trace]: loaded asset: Sponza/14118779221266351425.jpg
[Assets-Trace]: loaded asset: Sponza/466164707995436622.jpg
[Assets-Trace]: loaded asset: Sponza/6772804448157695701.jpg
[Assets-Trace]: loaded asset: Sponza/759203620573749278.jpg
[Assets-Trace]: loaded asset: Sponza/2411100444841994089.jpg
[Assets-Trace]: Dragging Node: A to node B
[Assets-Trace]: Dragging Node: B to node A
[Assets-Trace]: Dragging Node: C to node Root
[Assets-Trace]: serialized asset registry
