[Rendering-Trace]: allocate took 0.000000 ms
[Rendering-Trace]: allocate took 0.000000 ms
[Rendering-Trace]: allocate took 0.000000 ms
[Rendering-Trace]: allocate took 0.000000 ms
[Rendering-Trace]: allocate took 0.000000 ms
[Rendering-Trace]: allocate took 0.000000 ms
[Rendering-Trace]: allocate took 0.000000 ms
[Rendering-Trace]: allocate took 0.000000 ms
[Rendering-Trace]: allocate took 0.000000 ms
[Rendering-Trace]: allocate took 0.000000 ms
[Rendering-Trace]: allocate took 0.000000 ms
[Rendering-Trace]: allocate took 0.000000 ms
[Rendering-Trace]: allocate took 0.000000 ms
[Rendering-Trace]: allocate took 0.000000 ms
[Rendering-Trace]: allocate took 0.000000 ms
[Rendering-Trace]: allocate took 0.000000 ms
[Rendering-Trace]: allocate took 0.000000 ms
[Rendering-Trace]: allocate took 0.000000 ms
[Rendering-Trace]: allocate took 0.000000 ms
[Rendering-Trace]: allocate took 0.000000 ms
[Rendering-Trace]: allocate took 0.000000 ms
[Rendering-Trace]: allocate took 0.000000 ms
[Rendering-Trace]: allocate took 0.000000 ms
[Rendering-Trace]: allocate took 0.000000 ms
[Rendering-Trace]: allocate took 0.000000 ms
[Rendering-Trace]: allocate took 0.000000 ms
[Rendering-Trace]: allocate took 0.000000 ms
[Rendering-Trace]: allocate took 0.000000 ms
[Rendering-Trace]: allocate took 0.000000 ms
[Rendering-Trace]: allocate took 0.000000 ms
[Rendering-Trace]: allocate took 0.000000 ms
[Rendering-Trace]: allocate took 0.000000 ms
[Rendering-Trace]: allocate took 0.000000 ms
[Rendering-Trace]: allocate took 0.000000 ms
[Rendering-Trace]: allocate took 0.000000 ms
[Rendering-Trace]: allocate took 0.000000 ms
[Rendering-Trace]: allocate took 0.000000 ms
[Rendering-Trace]: allocate took 0.000000 ms
[Rendering-Trace]: allocate took 0.000000 ms
[Rendering-Trace]: allocate took 0.000000 ms
[Rendering-Trace]: allocate took 0.000000 ms
[Rendering-Trace]: allocate took 0.000000 ms
[Rendering-Trace]: allocate took 0.000000 ms
[Rendering-Trace]: allocate took 0.000000 ms
[Rendering-Trace]: allocate took 0.000000 ms
[Rendering-Trace]: allocate took 0.000000 ms
[Rendering-Trace]: allocate took 0.000000 ms
[Rendering-Trace]: allocate took 0.000000 ms
[Rendering-Trace]: allocate took 0.000000 ms
[Rendering-Trace]: allocate took 0.000000 ms
[Rendering-Trace]: allocate took 0.000000 ms
[Rendering-Trace]: allocate took 0.000000 ms
[Rendering-Trace]: allocate took 0.000000 ms
[Rendering-Trace]: allocate took 0.000000 ms
[Rendering-Trace]: allocate took 0.000000 ms
[Rendering-Trace]: allocate took 0.000000 ms
[Rendering-Trace]: allocate took 0.000000 ms
[Rendering-Trace]: allocate took 0.000000 ms
[Rendering-Trace]: allocate took 0.000000 ms
[Rendering-Trace]: allocate took 0.000000 ms
[Rendering-Trace]: allocate took 0.000000 ms
[Rendering-Trace]: allocate took 0.000000 ms
[Rendering-Trace]: allocate took 0.000000 ms
[Rendering-Trace]: allocate took 0.000000 ms
[Rendering-Trace]: allocate took 0.000000 ms
[Rendering-Trace]: allocate took 0.000000 ms
[Rendering-Trace]: allocate took 0.000000 ms
[Rendering-Trace]: allocate took 0.000000 ms
[Rendering-Trace]: allocate took 0.000000 ms
[Rendering-Trace]: allocate took 0.000000 ms
[Rendering-Trace]: allocate took 0.000000 ms
[Rendering-Trace]: allocate took 0.000000 ms
[Rendering-Trace]: allocate took 0.000000 ms
[Rendering-Trace]: allocate took 0.000000 ms
[Rendering-Trace]: allocate took 0.000000 ms
[Rendering-Trace]: allocate took 0.000000 ms
[Rendering-Trace]: allocate took 0.000000 ms
[Rendering-Trace]: allocate took 0.000000 ms
[Rendering-Trace]: allocate took 0.000000 ms
[Rendering-Trace]: allocate took 0.000000 ms
[Rendering-Trace]: allocate took 0.000000 ms
[Rendering-Trace]: allocate took 0.000000 ms
[Rendering-Trace]: allocate took 0.000000 ms
[Rendering-Trace]: allocate took 0.000000 ms
[Rendering-Trace]: allocate took 0.000000 ms
[Rendering-Trace]: allocate took 0.000000 ms
[Rendering-Trace]: allocate took 0.000000 ms
[Rendering-Trace]: allocate took 0.000000 ms
[Rendering-Trace]: allocate took 0.000000 ms
[Rendering-Trace]: allocate took 0.000000 ms
[Rendering-Trace]: allocate took 0.000000 ms
[Rendering-Trace]: allocate took 0.000000 ms
[Rendering-Trace]: allocate took 0.000000 ms
[Rendering-Trace]: allocate took 0.000000 ms
[Rendering-Trace]: allocate took 0.000000 ms
[Rendering-Trace]: allocate took 0.000000 ms
[Rendering-Trace]: allocate took 0.000000 ms
[Rendering-Trace]: allocate took 0.000000 ms
[Rendering-Trace]: allocate took 0.000000 ms
[Rendering-Trace]: allocate took 0.000000 ms
[Rendering-Trace]: allocate took 0.000000 ms
[Rendering-Trace]: allocate took 0.000000 ms
[Rendering-Trace]: allocate took 0.000000 ms
[Rendering-Trace]: allocate took 0.000000 ms
[Rendering-Trace]: allocate took 0.000000 ms
[Rendering-Trace]: allocate took 0.000000 ms
[Rendering-Trace]: allocate took 0.000000 ms
[Rendering-Trace]: allocate took 0.000000 ms
[Rendering-Trace]: allocate took 0.000000 ms
[Rendering-Trace]: allocate took 0.000000 ms
[Rendering-Trace]: allocate took 0.000000 ms
[Rendering-Trace]: allocate took 0.000000 ms
[Rendering-Trace]: allocate took 0.000000 ms
[Rendering-Trace]: allocate took 0.000000 ms
[Rendering-Trace]: allocate took 0.000000 ms
[Rendering-Trace]: allocate took 0.000000 ms
[Rendering-Trace]: allocate took 0.000000 ms
[Rendering-Trace]: allocate took 0.000000 ms
[Rendering-Trace]: allocate took 0.000000 ms
[Rendering-Trace]: allocate took 0.000000 ms
[Rendering-Trace]: allocate took 0.000000 ms
[Rendering-Trace]: allocate took 0.000000 ms
[Rendering-Trace]: allocate took 0.000000 ms
[Rendering-Trace]: allocate took 0.000000 ms
[Rendering-Trace]: allocate took 0.000000 ms
[Rendering-Trace]: allocate took 0.000000 ms
[Rendering-Trace]: allocate took 0.000000 ms
[Rendering-Trace]: allocate took 0.000000 ms
[Rendering-Trace]: allocate took 0.000000 ms
[Rendering-Trace]: allocate took 0.000000 ms
[Rendering-Trace]: allocate took 0.000000 ms
[Rendering-Trace]: allocate took 0.000000 ms
[Rendering-Trace]: allocate took 0.000000 ms
[Rendering-Trace]: allocate took 0.000000 ms
[Rendering-Trace]: allocate took 0.000000 ms
[Rendering-Trace]: allocate took 0.000000 ms
[Rendering-Trace]: allocate took 0.000000 ms
[Rendering-Trace]: allocate took 0.000000 ms
[Rendering-Trace]: deallocate took 0.000000 ms
[Rendering-Trace]: allocate took 0.000000 ms
[Rendering-Trace]: allocate took 0.000000 ms
[Rendering-Trace]: deallocate took 0.000000 ms
[Rendering-Trace]: allocate took 0.000000 ms
[Rendering-Trace]: reallocate took 0.000000 ms
[Rendering-Trace]: reallocate took 0.000000 ms
[Rendering-Trace]: allocate took 0.000000 ms
[Rendering-Trace]: deallocate took 0.000000 ms
[Rendering-Trace]: reallocate took 0.000000 ms
[Rendering-Trace]: reallocate took 0.000000 ms
[Rendering-Trace]: allocate took 0.000000 ms
[Rendering-Trace]: deallocate took 0.000000 ms
[Rendering-Trace]: reallocate took 0.000000 ms
[Rendering-Trace]: reallocate took 0.000000 ms
[Rendering-Trace]: allocate took 0.000000 ms
[Rendering-Trace]: deallocate took 0.000000 ms
[Rendering-Trace]: reallocate took 0.000000 ms
[Rendering-Trace]: reallocate took 0.000000 ms
[Rendering-Trace]: allocate took 0.000000 ms
[Rendering-Trace]: deallocate took 0.000000 ms
[Rendering-Trace]: reallocate took 0.000000 ms
[Rendering-Trace]: reallocate took 0.000000 ms
[Rendering-Trace]: allocate took 0.000000 ms
[Rendering-Trace]: deallocate took 0.000000 ms
[Rendering-Trace]: allocate took 0.000000 ms
[Rendering-Trace]: deallocate took 0.000000 ms
[Rendering-Trace]: stbi__parse_png_file took 100.000000 ms
[Rendering-Trace]: deallocate took 0.000000 ms
[Rendering-Trace]: deallocate took 0.000000 ms
[Rendering-Trace]: deallocate took 0.000000 ms
[Rendering-Trace]: stbi_load took 100.000000 ms
[Rendering-Trace]: allocate took 0.000000 ms
[Rendering-Trace]: deallocate took 0.000000 ms
[Rendering-Trace]: deallocate took 0.000000 ms
[Rendering-Trace]: load_texture took 103.000000 ms
[Rendering-Trace]: allocate took 0.000000 ms
[Rendering-Trace]: reallocate took 0.000000 ms
[Rendering-Trace]: reallocate took 0.000000 ms
[Rendering-Trace]: allocate took 0.000000 ms
[Rendering-Trace]: deallocate took 0.000000 ms
[Rendering-Trace]: reallocate took 0.000000 ms
[Rendering-Trace]: reallocate took 0.000000 ms
[Rendering-Trace]: allocate took 0.000000 ms
[Rendering-Trace]: deallocate took 0.000000 ms
[Rendering-Trace]: reallocate took 0.000000 ms
[Rendering-Trace]: reallocate took 0.000000 ms
[Rendering-Trace]: allocate took 0.000000 ms
[Rendering-Trace]: deallocate took 0.000000 ms
[Rendering-Trace]: reallocate took 0.000000 ms
[Rendering-Trace]: reallocate took 0.000000 ms
[Rendering-Trace]: allocate took 0.000000 ms
[Rendering-Trace]: deallocate took 0.000000 ms
[Rendering-Trace]: reallocate took 0.000000 ms
[Rendering-Trace]: reallocate took 0.000000 ms
[Rendering-Trace]: allocate took 0.000000 ms
[Rendering-Trace]: deallocate took 0.000000 ms
[Rendering-Trace]: allocate took 0.000000 ms
[Rendering-Trace]: deallocate took 0.000000 ms
[Rendering-Trace]: stbi__parse_png_file took 103.000000 ms
[Rendering-Trace]: deallocate took 0.000000 ms
[Rendering-Trace]: deallocate took 0.000000 ms
[Rendering-Trace]: deallocate took 0.000000 ms
[Rendering-Trace]: stbi_load took 103.000000 ms
[Rendering-Trace]: allocate took 0.000000 ms
[Rendering-Trace]: deallocate took 0.000000 ms
[Rendering-Trace]: deallocate took 0.000000 ms
[Rendering-Trace]: load_texture took 105.000000 ms
[Rendering-Trace]: load_texture took 0.000000 ms
[Rendering-Trace]: load_texture took 0.000000 ms
[Rendering-Trace]: allocate took 0.000000 ms
[Rendering-Trace]: reallocate took 0.000000 ms
[Rendering-Trace]: reallocate took 0.000000 ms
[Rendering-Trace]: allocate took 0.000000 ms
[Rendering-Trace]: deallocate took 0.000000 ms
[Rendering-Trace]: reallocate took 0.000000 ms
[Rendering-Trace]: reallocate took 0.000000 ms
[Rendering-Trace]: allocate took 0.000000 ms
[Rendering-Trace]: deallocate took 0.000000 ms
[Rendering-Trace]: reallocate took 0.000000 ms
[Rendering-Trace]: reallocate took 0.000000 ms
[Rendering-Trace]: allocate took 0.000000 ms
[Rendering-Trace]: deallocate took 0.000000 ms
[Rendering-Trace]: reallocate took 0.000000 ms
[Rendering-Trace]: reallocate took 0.000000 ms
[Rendering-Trace]: allocate took 0.000000 ms
[Rendering-Trace]: deallocate took 0.000000 ms
[Rendering-Trace]: reallocate took 0.000000 ms
[Rendering-Trace]: reallocate took 0.000000 ms
[Rendering-Trace]: allocate took 0.000000 ms
[Rendering-Trace]: deallocate took 0.000000 ms
[Rendering-Trace]: allocate took 0.000000 ms
[Rendering-Trace]: deallocate took 0.000000 ms
[Rendering-Trace]: stbi__parse_png_file took 68.000000 ms
[Rendering-Trace]: deallocate took 0.000000 ms
[Rendering-Trace]: deallocate took 0.000000 ms
[Rendering-Trace]: deallocate took 0.000000 ms
[Rendering-Trace]: stbi_load took 69.000000 ms
[Rendering-Trace]: allocate took 0.000000 ms
[Rendering-Trace]: deallocate took 0.000000 ms
[Rendering-Trace]: deallocate took 0.000000 ms
[Rendering-Trace]: load_texture took 71.000000 ms
[Rendering-Trace]: allocate took 0.000000 ms
[Rendering-Trace]: reallocate took 0.000000 ms
[Rendering-Trace]: reallocate took 0.000000 ms
[Rendering-Trace]: allocate took 0.000000 ms
[Rendering-Trace]: deallocate took 0.000000 ms
[Rendering-Trace]: reallocate took 0.000000 ms
[Rendering-Trace]: reallocate took 0.000000 ms
[Rendering-Trace]: allocate took 0.000000 ms
[Rendering-Trace]: deallocate took 0.000000 ms
[Rendering-Trace]: reallocate took 0.000000 ms
[Rendering-Trace]: reallocate took 0.000000 ms
[Rendering-Trace]: allocate took 0.000000 ms
[Rendering-Trace]: deallocate took 0.000000 ms
[Rendering-Trace]: reallocate took 0.000000 ms
[Rendering-Trace]: reallocate took 0.000000 ms
[Rendering-Trace]: allocate took 0.000000 ms
[Rendering-Trace]: deallocate took 0.000000 ms
[Rendering-Trace]: reallocate took 0.000000 ms
[Rendering-Trace]: reallocate took 0.000000 ms
[Rendering-Trace]: allocate took 0.000000 ms
[Rendering-Trace]: deallocate took 0.000000 ms
[Rendering-Trace]: allocate took 0.000000 ms
[Rendering-Trace]: deallocate took 0.000000 ms
[Rendering-Trace]: stbi__parse_png_file took 84.000000 ms
[Rendering-Trace]: deallocate took 0.000000 ms
[Rendering-Trace]: deallocate took 0.000000 ms
[Rendering-Trace]: deallocate took 0.000000 ms
[Rendering-Trace]: stbi_load took 84.000000 ms
[Rendering-Trace]: allocate took 0.000000 ms
[Rendering-Trace]: deallocate took 0.000000 ms
[Rendering-Trace]: deallocate took 0.000000 ms
[Rendering-Trace]: load_texture took 87.000000 ms
[Rendering-Trace]: allocate took 0.000000 ms
[Rendering-Trace]: reallocate took 0.000000 ms
[Rendering-Trace]: reallocate took 0.000000 ms
[Rendering-Trace]: allocate took 0.000000 ms
[Rendering-Trace]: deallocate took 0.000000 ms
[Rendering-Trace]: reallocate took 0.000000 ms
[Rendering-Trace]: reallocate took 0.000000 ms
[Rendering-Trace]: allocate took 0.000000 ms
[Rendering-Trace]: deallocate took 0.000000 ms
[Rendering-Trace]: reallocate took 0.000000 ms
[Rendering-Trace]: reallocate took 0.000000 ms
[Rendering-Trace]: allocate took 0.000000 ms
[Rendering-Trace]: deallocate took 0.000000 ms
[Rendering-Trace]: reallocate took 0.000000 ms
[Rendering-Trace]: reallocate took 0.000000 ms
[Rendering-Trace]: allocate took 0.000000 ms
[Rendering-Trace]: deallocate took 0.000000 ms
[Rendering-Trace]: reallocate took 0.000000 ms
[Rendering-Trace]: reallocate took 0.000000 ms
[Rendering-Trace]: allocate took 0.000000 ms
[Rendering-Trace]: deallocate took 0.000000 ms
[Rendering-Trace]: allocate took 0.000000 ms
[Rendering-Trace]: deallocate took 0.000000 ms
[Rendering-Trace]: stbi__parse_png_file took 72.000000 ms
[Rendering-Trace]: deallocate took 0.000000 ms
[Rendering-Trace]: deallocate took 0.000000 ms
[Rendering-Trace]: deallocate took 0.000000 ms
[Rendering-Trace]: stbi_load took 73.000000 ms
[Rendering-Trace]: allocate took 0.000000 ms
[Rendering-Trace]: deallocate took 0.000000 ms
[Rendering-Trace]: deallocate took 0.000000 ms
[Rendering-Trace]: load_texture took 75.000000 ms
[Rendering-Trace]: allocate took 0.000000 ms
[Rendering-Trace]: reallocate took 0.000000 ms
[Rendering-Trace]: reallocate took 0.000000 ms
[Rendering-Trace]: allocate took 0.000000 ms
[Rendering-Trace]: deallocate took 0.000000 ms
[Rendering-Trace]: reallocate took 0.000000 ms
[Rendering-Trace]: reallocate took 0.000000 ms
[Rendering-Trace]: allocate took 0.000000 ms
[Rendering-Trace]: deallocate took 0.000000 ms
[Rendering-Trace]: reallocate took 0.000000 ms
[Rendering-Trace]: reallocate took 0.000000 ms
[Rendering-Trace]: allocate took 0.000000 ms
[Rendering-Trace]: deallocate took 0.000000 ms
[Rendering-Trace]: reallocate took 0.000000 ms
[Rendering-Trace]: reallocate took 0.000000 ms
[Rendering-Trace]: allocate took 0.000000 ms
[Rendering-Trace]: deallocate took 0.000000 ms
[Rendering-Trace]: reallocate took 0.000000 ms
[Rendering-Trace]: reallocate took 0.000000 ms
[Rendering-Trace]: allocate took 0.000000 ms
[Rendering-Trace]: deallocate took 0.000000 ms
[Rendering-Trace]: allocate took 0.000000 ms
[Rendering-Trace]: deallocate took 0.000000 ms
[Rendering-Trace]: stbi__parse_png_file took 94.000000 ms
[Rendering-Trace]: deallocate took 0.000000 ms
[Rendering-Trace]: deallocate took 0.000000 ms
[Rendering-Trace]: deallocate took 0.000000 ms
[Rendering-Trace]: stbi_load took 94.000000 ms
[Rendering-Trace]: allocate took 0.000000 ms
[Rendering-Trace]: deallocate took 0.000000 ms
[Rendering-Trace]: deallocate took 0.000000 ms
[Rendering-Trace]: load_texture took 97.000000 ms
[Rendering-Trace]: allocate took 0.000000 ms
[Rendering-Trace]: reallocate took 0.000000 ms
[Rendering-Trace]: reallocate took 0.000000 ms
[Rendering-Trace]: allocate took 0.000000 ms
[Rendering-Trace]: deallocate took 0.000000 ms
[Rendering-Trace]: reallocate took 0.000000 ms
[Rendering-Trace]: reallocate took 0.000000 ms
[Rendering-Trace]: allocate took 0.000000 ms
[Rendering-Trace]: deallocate took 0.000000 ms
[Rendering-Trace]: reallocate took 0.000000 ms
[Rendering-Trace]: reallocate took 0.000000 ms
[Rendering-Trace]: allocate took 0.000000 ms
[Rendering-Trace]: deallocate took 0.000000 ms
[Rendering-Trace]: reallocate took 0.000000 ms
[Rendering-Trace]: reallocate took 0.000000 ms
[Rendering-Trace]: allocate took 0.000000 ms
[Rendering-Trace]: deallocate took 0.000000 ms
[Rendering-Trace]: reallocate took 0.000000 ms
[Rendering-Trace]: reallocate took 0.000000 ms
[Rendering-Trace]: allocate took 0.000000 ms
[Rendering-Trace]: deallocate took 0.000000 ms
[Rendering-Trace]: reallocate took 0.000000 ms
[Rendering-Trace]: allocate took 0.000000 ms
[Rendering-Trace]: deallocate took 0.000000 ms
[Rendering-Trace]: allocate took 0.000000 ms
[Rendering-Trace]: deallocate took 0.000000 ms
[Rendering-Trace]: stbi__parse_png_file took 102.000000 ms
[Rendering-Trace]: deallocate took 0.000000 ms
[Rendering-Trace]: deallocate took 0.000000 ms
[Rendering-Trace]: deallocate took 0.000000 ms
[Rendering-Trace]: stbi_load took 102.000000 ms
[Rendering-Trace]: allocate took 0.000000 ms
[Rendering-Trace]: deallocate took 0.000000 ms
[Rendering-Trace]: deallocate took 0.000000 ms
[Rendering-Trace]: load_texture took 105.000000 ms
[Rendering-Trace]: allocate took 0.000000 ms
[Rendering-Trace]: reallocate took 0.000000 ms
[Rendering-Trace]: reallocate took 0.000000 ms
[Rendering-Trace]: allocate took 0.000000 ms
[Rendering-Trace]: deallocate took 0.000000 ms
[Rendering-Trace]: reallocate took 0.000000 ms
[Rendering-Trace]: reallocate took 0.000000 ms
[Rendering-Trace]: allocate took 0.000000 ms
[Rendering-Trace]: deallocate took 0.000000 ms
[Rendering-Trace]: reallocate took 0.000000 ms
[Rendering-Trace]: reallocate took 0.000000 ms
[Rendering-Trace]: allocate took 0.000000 ms
[Rendering-Trace]: deallocate took 0.000000 ms
[Rendering-Trace]: reallocate took 0.000000 ms
[Rendering-Trace]: reallocate took 0.000000 ms
[Rendering-Trace]: allocate took 0.000000 ms
[Rendering-Trace]: deallocate took 0.000000 ms
[Rendering-Trace]: reallocate took 0.000000 ms
[Rendering-Trace]: reallocate took 0.000000 ms
[Rendering-Trace]: allocate took 0.000000 ms
[Rendering-Trace]: deallocate took 0.000000 ms
[Rendering-Trace]: reallocate took 0.000000 ms
[Rendering-Trace]: allocate took 0.000000 ms
[Rendering-Trace]: deallocate took 0.000000 ms
[Rendering-Trace]: allocate took 0.000000 ms
[Rendering-Trace]: deallocate took 0.000000 ms
[Rendering-Trace]: stbi__parse_png_file took 129.000000 ms
[Rendering-Trace]: deallocate took 0.000000 ms
[Rendering-Trace]: deallocate took 0.000000 ms
[Rendering-Trace]: deallocate took 0.000000 ms
[Rendering-Trace]: stbi_load took 129.000000 ms
[Rendering-Trace]: allocate took 0.000000 ms
[Rendering-Trace]: deallocate took 0.000000 ms
[Rendering-Trace]: deallocate took 0.000000 ms
[Rendering-Trace]: load_texture took 131.000000 ms
[Rendering-Trace]: allocate took 0.000000 ms
[Rendering-Trace]: reallocate took 0.000000 ms
[Rendering-Trace]: reallocate took 0.000000 ms
[Rendering-Trace]: allocate took 0.000000 ms
[Rendering-Trace]: deallocate took 0.000000 ms
[Rendering-Trace]: reallocate took 0.000000 ms
[Rendering-Trace]: reallocate took 0.000000 ms
[Rendering-Trace]: allocate took 0.000000 ms
[Rendering-Trace]: deallocate took 0.000000 ms
[Rendering-Trace]: reallocate took 0.000000 ms
[Rendering-Trace]: reallocate took 0.000000 ms
[Rendering-Trace]: allocate took 0.000000 ms
[Rendering-Trace]: deallocate took 0.000000 ms
[Rendering-Trace]: reallocate took 0.000000 ms
[Rendering-Trace]: reallocate took 0.000000 ms
[Rendering-Trace]: allocate took 0.000000 ms
[Rendering-Trace]: deallocate took 0.000000 ms
[Rendering-Trace]: allocate took 0.000000 ms
[Rendering-Trace]: deallocate took 0.000000 ms
[Rendering-Trace]: stbi__parse_png_file took 19.000000 ms
[Rendering-Trace]: deallocate took 0.000000 ms
[Rendering-Trace]: deallocate took 0.000000 ms
[Rendering-Trace]: deallocate took 0.000000 ms
[Rendering-Trace]: stbi_load took 19.000000 ms
[Rendering-Trace]: allocate took 0.000000 ms
[Rendering-Trace]: deallocate took 0.000000 ms
[Rendering-Trace]: deallocate took 0.000000 ms
[Rendering-Trace]: load_texture took 20.000000 ms
[Rendering-Trace]: allocate took 0.000000 ms
[Rendering-Trace]: reallocate took 0.000000 ms
[Rendering-Trace]: allocate took 0.000000 ms
[Rendering-Trace]: deallocate took 0.000000 ms
[Rendering-Trace]: allocate took 0.000000 ms
[Rendering-Trace]: deallocate took 0.000000 ms
[Rendering-Trace]: stbi__parse_png_file took 7.000000 ms
[Rendering-Trace]: deallocate took 0.000000 ms
[Rendering-Trace]: deallocate took 0.000000 ms
[Rendering-Trace]: deallocate took 0.000000 ms
[Rendering-Trace]: stbi_load took 7.000000 ms
[Rendering-Trace]: allocate took 0.000000 ms
[Rendering-Trace]: deallocate took 0.000000 ms
[Rendering-Trace]: deallocate took 0.000000 ms
[Rendering-Trace]: load_texture took 8.000000 ms
[Rendering-Trace]: allocate took 0.000000 ms
[Rendering-Trace]: deallocate took 0.000000 ms
[Rendering-Trace]: load vertices and indicies took 17.000000 ms
[Rendering-Trace]: allocate took 0.000000 ms
[Rendering-Trace]: deallocate took 0.000000 ms
[Rendering-Trace]: load vertices and indicies took 21.000000 ms
[Rendering-Trace]: allocate took 0.000000 ms
[Rendering-Trace]: deallocate took 0.000000 ms
[Rendering-Trace]: load vertices and indicies took 7.000000 ms
[Rendering-Trace]: allocate took 0.000000 ms
[Rendering-Trace]: deallocate took 0.000000 ms
[Rendering-Trace]: load vertices and indicies took 21.000000 ms
[Rendering-Trace]: allocate took 0.000000 ms
[Rendering-Trace]: deallocate took 0.000000 ms
[Rendering-Trace]: load vertices and indicies took 21.000000 ms
[Rendering-Trace]: allocate took 0.000000 ms
[Rendering-Trace]: deallocate took 0.000000 ms
[Rendering-Trace]: load vertices and indicies took 1.000000 ms
[Rendering-Trace]: deallocate took 0.000000 ms
[Rendering-Trace]: deallocate took 0.000000 ms
[Rendering-Trace]: deallocate took 0.000000 ms
[Rendering-Trace]: deallocate took 0.000000 ms
[Rendering-Trace]: deallocate took 0.000000 ms
[Rendering-Trace]: deallocate took 0.000000 ms
[Rendering-Trace]: deallocate took 0.000000 ms
[Rendering-Trace]: deallocate took 0.000000 ms
[Rendering-Trace]: deallocate took 0.000000 ms
[Rendering-Trace]: deallocate took 0.000000 ms
[Rendering-Trace]: deallocate took 0.000000 ms
[Rendering-Trace]: deallocate took 0.000000 ms
[Rendering-Trace]: deallocate took 0.000000 ms
[Rendering-Trace]: deallocate took 0.000000 ms
[Rendering-Trace]: deallocate took 0.000000 ms
[Rendering-Trace]: deallocate took 0.000000 ms
[Rendering-Trace]: deallocate took 0.000000 ms
[Rendering-Trace]: deallocate took 0.000000 ms
[Rendering-Trace]: deallocate took 0.000000 ms
[Rendering-Trace]: deallocate took 0.000000 ms
[Rendering-Trace]: deallocate took 0.000000 ms
[Rendering-Trace]: deallocate took 0.000000 ms
[Rendering-Trace]: deallocate took 0.000000 ms
[Rendering-Trace]: deallocate took 0.000000 ms
[Rendering-Trace]: deallocate took 0.000000 ms
[Rendering-Trace]: deallocate took 0.000000 ms
[Rendering-Trace]: deallocate took 0.000000 ms
[Rendering-Trace]: deallocate took 0.000000 ms
[Rendering-Trace]: deallocate took 0.000000 ms
[Rendering-Trace]: deallocate took 0.000000 ms
[Rendering-Trace]: deallocate took 0.000000 ms
[Rendering-Trace]: deallocate took 0.000000 ms
[Rendering-Trace]: deallocate took 0.000000 ms
[Rendering-Trace]: deallocate took 0.000000 ms
[Rendering-Trace]: deallocate took 0.000000 ms
[Rendering-Trace]: deallocate took 0.000000 ms
[Rendering-Trace]: deallocate took 0.000000 ms
[Rendering-Trace]: deallocate took 0.000000 ms
[Rendering-Trace]: deallocate took 0.000000 ms
[Rendering-Trace]: deallocate took 0.000000 ms
[Rendering-Trace]: deallocate took 0.000000 ms
[Rendering-Trace]: deallocate took 0.000000 ms
[Rendering-Trace]: deallocate took 0.000000 ms
[Rendering-Trace]: deallocate took 0.000000 ms
[Rendering-Trace]: deallocate took 0.000000 ms
[Rendering-Trace]: deallocate took 0.000000 ms
[Rendering-Trace]: deallocate took 0.000000 ms
[Rendering-Trace]: deallocate took 0.000000 ms
[Rendering-Trace]: deallocate took 0.000000 ms
[Rendering-Trace]: deallocate took 0.000000 ms
[Rendering-Trace]: deallocate took 0.000000 ms
[Rendering-Trace]: deallocate took 0.000000 ms
[Rendering-Trace]: deallocate took 0.000000 ms
[Rendering-Trace]: deallocate took 0.000000 ms
[Rendering-Trace]: deallocate took 0.000000 ms
[Rendering-Trace]: deallocate took 0.000000 ms
[Rendering-Trace]: deallocate took 0.000000 ms
[Rendering-Trace]: deallocate took 0.000000 ms
[Rendering-Trace]: deallocate took 0.000000 ms
[Rendering-Trace]: deallocate took 0.000000 ms
[Rendering-Trace]: deallocate took 0.000000 ms
[Rendering-Trace]: deallocate took 0.000000 ms
[Rendering-Trace]: deallocate took 0.000000 ms
[Rendering-Trace]: deallocate took 0.000000 ms
[Rendering-Trace]: deallocate took 0.000000 ms
[Rendering-Trace]: deallocate took 0.000000 ms
[Rendering-Trace]: deallocate took 0.000000 ms
[Rendering-Trace]: deallocate took 0.000000 ms
[Rendering-Trace]: deallocate took 0.000000 ms
[Rendering-Trace]: deallocate took 0.000000 ms
[Rendering-Trace]: deallocate took 0.000000 ms
[Rendering-Trace]: deallocate took 0.000000 ms
[Rendering-Trace]: deallocate took 0.000000 ms
[Rendering-Trace]: deallocate took 0.000000 ms
[Rendering-Trace]: deallocate took 0.000000 ms
[Rendering-Trace]: deallocate took 0.000000 ms
[Rendering-Trace]: deallocate took 0.000000 ms
[Rendering-Trace]: deallocate took 0.000000 ms
[Rendering-Trace]: deallocate took 0.000000 ms
[Rendering-Trace]: deallocate took 0.000000 ms
[Rendering-Trace]: deallocate took 0.000000 ms
[Rendering-Trace]: deallocate took 0.000000 ms
[Rendering-Trace]: deallocate took 0.000000 ms
[Rendering-Trace]: deallocate took 0.000000 ms
[Rendering-Trace]: deallocate took 0.000000 ms
[Rendering-Trace]: deallocate took 0.000000 ms
[Rendering-Trace]: deallocate took 0.000000 ms
[Rendering-Trace]: deallocate took 0.000000 ms
[Rendering-Trace]: deallocate took 0.000000 ms
[Rendering-Trace]: deallocate took 0.000000 ms
[Rendering-Trace]: deallocate took 0.000000 ms
[Rendering-Trace]: deallocate took 0.000000 ms
[Rendering-Trace]: deallocate took 0.000000 ms
[Rendering-Trace]: deallocate took 0.000000 ms
[Rendering-Trace]: deallocate took 0.000000 ms
[Rendering-Trace]: deallocate took 0.000000 ms
[Rendering-Trace]: deallocate took 0.000000 ms
[Rendering-Trace]: deallocate took 0.000000 ms
[Rendering-Trace]: deallocate took 0.000000 ms
[Rendering-Trace]: deallocate took 0.000000 ms
[Rendering-Trace]: deallocate took 0.000000 ms
[Rendering-Trace]: deallocate took 0.000000 ms
[Rendering-Trace]: deallocate took 0.000000 ms
[Rendering-Trace]: deallocate took 0.000000 ms
[Rendering-Trace]: deallocate took 0.000000 ms
[Rendering-Trace]: deallocate took 0.000000 ms
[Rendering-Trace]: deallocate took 0.000000 ms
[Rendering-Trace]: deallocate took 0.000000 ms
[Rendering-Trace]: deallocate took 0.000000 ms
[Rendering-Trace]: deallocate took 0.000000 ms
[Rendering-Trace]: deallocate took 0.000000 ms
[Rendering-Trace]: deallocate took 0.000000 ms
[Rendering-Trace]: deallocate took 0.000000 ms
[Rendering-Trace]: deallocate took 0.000000 ms
[Rendering-Trace]: deallocate took 0.000000 ms
[Rendering-Trace]: deallocate took 0.000000 ms
[Rendering-Trace]: deallocate took 0.000000 ms
[Rendering-Trace]: deallocate took 0.000000 ms
[Rendering-Trace]: deallocate took 0.000000 ms
[Rendering-Trace]: deallocate took 0.000000 ms
[Rendering-Trace]: deallocate took 0.000000 ms
[Rendering-Trace]: deallocate took 0.000000 ms
[Rendering-Trace]: deallocate took 0.000000 ms
[Rendering-Trace]: deallocate took 0.000000 ms
[Rendering-Trace]: deallocate took 0.000000 ms
[Rendering-Trace]: deallocate took 0.000000 ms
[Rendering-Trace]: deallocate took 0.000000 ms
[Rendering-Trace]: deallocate took 0.000000 ms
[Rendering-Trace]: deallocate took 0.000000 ms
[Rendering-Trace]: deallocate took 0.000000 ms
[Rendering-Trace]: deallocate took 0.000000 ms
[Rendering-Trace]: deallocate took 0.000000 ms
[Rendering-Trace]: deallocate took 0.000000 ms
[Rendering-Trace]: deallocate took 0.000000 ms
[Rendering-Trace]: deallocate took 0.000000 ms
[Rendering-Trace]: deallocate took 0.000000 ms
[Rendering-Trace]: deallocate took 0.000000 ms
[Rendering-Trace]: deallocate took 0.000000 ms
[Rendering-Trace]: deallocate took 0.000000 ms
[Rendering-Trace]: deallocate took 0.000000 ms
[Rendering-Trace]: deallocate took 0.000000 ms
[Rendering-Trace]: deallocate took 0.000000 ms
[Rendering-Trace]: deallocate took 0.000000 ms
[Rendering-Trace]: deallocate took 0.000000 ms
[Rendering-Trace]: deallocate took 0.000000 ms
[Rendering-Trace]: deallocate took 0.000000 ms
[Rendering-Trace]: deallocate took 0.000000 ms
[Rendering-Trace]: deallocate took 0.000000 ms
[Rendering-Trace]: deallocate took 0.000000 ms
[Rendering-Trace]: deallocate took 0.000000 ms
[Rendering-Trace]: deallocate took 0.000000 ms
[Rendering-Trace]: deallocate took 0.000000 ms
[Rendering-Trace]: deallocate took 0.000000 ms
[Rendering-Trace]: deallocate took 0.000000 ms
[Rendering-Trace]: deallocate took 0.000000 ms
[Rendering-Trace]: deallocate took 0.000000 ms
[Rendering-Trace]: deallocate took 0.000000 ms
[Rendering-Trace]: deallocate took 0.000000 ms
[Rendering-Trace]: deallocate took 0.000000 ms
[Rendering-Trace]: deallocate took 0.000000 ms
[Rendering-Trace]: deallocate took 0.000000 ms
[Rendering-Trace]: deallocate took 0.000000 ms
[Rendering-Trace]: deallocate took 0.000000 ms
[Rendering-Trace]: deallocate took 0.000000 ms
[Rendering-Trace]: deallocate took 0.000000 ms
[Rendering-Trace]: deallocate took 0.000000 ms
[Rendering-Trace]: deallocate took 0.000000 ms
[Rendering-Trace]: deallocate took 0.000000 ms
[Rendering-Trace]: deallocate took 0.000000 ms
[Rendering-Trace]: deallocate took 0.000000 ms
[Rendering-Trace]: deallocate took 0.000000 ms
[Rendering-Trace]: deallocate took 0.000000 ms
[Rendering-Trace]: deallocate took 0.000000 ms
[Rendering-Trace]: deallocate took 0.000000 ms
[Rendering-Trace]: deallocate took 0.000000 ms
[Rendering-Trace]: deallocate took 0.000000 ms
[Rendering-Trace]: deallocate took 0.000000 ms
[Rendering-Trace]: deallocate took 0.000000 ms
[Rendering-Trace]: deallocate took 0.000000 ms
[Rendering-Trace]: deallocate took 0.000000 ms
[Rendering-Trace]: deallocate took 0.000000 ms
[Rendering-Trace]: deallocate took 0.000000 ms
[Rendering-Trace]: deallocate took 0.000000 ms
[Rendering-Trace]: deallocate took 0.000000 ms
[Rendering-Trace]: deallocate took 0.000000 ms
[Rendering-Trace]: deallocate took 0.000000 ms
[Rendering-Trace]: deallocate took 0.000000 ms
[Rendering-Trace]: deallocate took 0.000000 ms
[Rendering-Trace]: deallocate took 0.000000 ms
[Rendering-Trace]: deallocate took 0.000000 ms
[Rendering-Trace]: deallocate took 0.000000 ms
[Rendering-Trace]: deallocate took 0.000000 ms
[Rendering-Trace]: deallocate took 0.000000 ms
[Rendering-Trace]: deallocate took 0.000000 ms
[Rendering-Trace]: deallocate took 0.000000 ms
[Rendering-Trace]: deallocate took 0.000000 ms
[Rendering-Trace]: deallocate took 0.000000 ms
[Rendering-Trace]: deallocate took 0.000000 ms
[Rendering-Trace]: deallocate took 0.000000 ms
[Rendering-Trace]: deallocate took 0.000000 ms
[Rendering-Trace]: deallocate took 0.000000 ms
[Rendering-Trace]: deallocate took 0.000000 ms
[Rendering-Trace]: deallocate took 0.000000 ms
[Rendering-Trace]: deallocate took 0.000000 ms
[Rendering-Trace]: deallocate took 0.000000 ms
[Rendering-Trace]: deallocate took 0.000000 ms
[Rendering-Trace]: deallocate took 0.000000 ms
[Rendering-Trace]: deallocate took 0.000000 ms
[Rendering-Trace]: deallocate took 0.000000 ms
[Rendering-Trace]: deallocate took 0.000000 ms
[Rendering-Trace]: deallocate took 0.000000 ms
[Rendering-Trace]: deallocate took 0.000000 ms
[Rendering-Trace]: deallocate took 0.000000 ms
[Rendering-Trace]: deallocate took 0.000000 ms
[Rendering-Trace]: deallocate took 0.000000 ms
[Rendering-Trace]: deallocate took 0.000000 ms
[Rendering-Trace]: deallocate took 0.000000 ms
[Rendering-Trace]: deallocate took 0.000000 ms
[Rendering-Trace]: deallocate took 0.000000 ms
[Rendering-Trace]: deallocate took 0.000000 ms
[Rendering-Trace]: deallocate took 0.000000 ms
[Rendering-Trace]: deallocate took 0.000000 ms
[Rendering-Trace]: deallocate took 0.000000 ms
[Rendering-Trace]: deallocate took 0.000000 ms
[Rendering-Trace]: deallocate took 0.000000 ms
[Rendering-Trace]: deallocate took 0.000000 ms
[Rendering-Trace]: deallocate took 0.000000 ms
[Rendering-Trace]: deallocate took 0.000000 ms
[Rendering-Trace]: deallocate took 0.000000 ms
[Rendering-Trace]: deallocate took 0.000000 ms
[Rendering-Trace]: deallocate took 0.000000 ms
[Rendering-Trace]: deallocate took 0.000000 ms
[Rendering-Trace]: deallocate took 0.000000 ms
[Rendering-Trace]: deallocate took 0.000000 ms
[Rendering-Trace]: deallocate took 0.000000 ms
[Rendering-Trace]: deallocate took 0.000000 ms
[Rendering-Trace]: deallocate took 0.000000 ms
[Rendering-Trace]: deallocate took 0.000000 ms
[Rendering-Trace]: deallocate took 0.000000 ms
[Rendering-Trace]: deallocate took 0.000000 ms
[Rendering-Trace]: deallocate took 0.000000 ms
[Rendering-Trace]: deallocate took 0.000000 ms
[Rendering-Trace]: deallocate took 0.000000 ms
[Rendering-Trace]: deallocate took 0.000000 ms
[Rendering-Trace]: deallocate took 0.000000 ms
[Rendering-Trace]: deallocate took 0.000000 ms
[Rendering-Trace]: deallocate took 0.000000 ms
[Rendering-Trace]: deallocate took 0.000000 ms
[Rendering-Trace]: deallocate took 0.000000 ms
[Rendering-Trace]: deallocate took 0.000000 ms
[Rendering-Trace]: deallocate took 0.000000 ms
[Rendering-Trace]: deallocate took 0.000000 ms
[Rendering-Trace]: deallocate took 0.000000 ms
[Rendering-Trace]: deallocate took 0.000000 ms
[Rendering-Trace]: deallocate took 0.000000 ms
[Rendering-Trace]: deallocate took 0.000000 ms
[Rendering-Trace]: deallocate took 0.000000 ms
[Rendering-Trace]: deallocate took 0.000000 ms
[Rendering-Trace]: deallocate took 0.000000 ms
[Rendering-Trace]: deallocate took 0.000000 ms
[Rendering-Trace]: deallocate took 0.000000 ms
[Rendering-Trace]: deallocate took 0.000000 ms
[Rendering-Trace]: deallocate took 0.000000 ms
[Rendering-Trace]: deallocate took 0.000000 ms
[Rendering-Trace]: deallocate took 0.000000 ms
[Rendering-Trace]: deallocate took 0.000000 ms
[Rendering-Trace]: deallocate took 0.000000 ms
[Rendering-Trace]: deallocate took 0.000000 ms
[Rendering-Trace]: deallocate took 0.000000 ms
[Rendering-Trace]: deallocate took 0.000000 ms
[Rendering-Trace]: deallocate took 0.000000 ms
[Rendering-Trace]: deallocate took 0.000000 ms
[Rendering-Trace]: deallocate took 0.000000 ms
[Rendering-Trace]: deallocate took 0.000000 ms
[Rendering-Trace]: deallocate took 0.000000 ms
[Rendering-Trace]: deallocate took 0.000000 ms
[Rendering-Trace]: deallocate took 0.000000 ms
[Rendering-Trace]: deallocate took 0.000000 ms
[Rendering-Trace]: deallocate took 0.000000 ms
[Rendering-Trace]: deallocate took 0.000000 ms
[Rendering-Trace]: deallocate took 0.000000 ms
[Rendering-Trace]: deallocate took 0.000000 ms
[Rendering-Trace]: deallocate took 0.000000 ms
[Rendering-Trace]: deallocate took 0.000000 ms
[Rendering-Trace]: deallocate took 0.000000 ms
[Rendering-Trace]: deallocate took 0.000000 ms
[Rendering-Trace]: deallocate took 0.000000 ms
[Rendering-Trace]: deallocate took 0.000000 ms
[Rendering-Trace]: deallocate took 0.000000 ms
[Rendering-Trace]: deallocate took 0.000000 ms
[Rendering-Trace]: deallocate took 0.000000 ms
[Rendering-Trace]: deallocate took 0.000000 ms
[Rendering-Trace]: deallocate took 0.000000 ms
[Rendering-Trace]: deallocate took 0.000000 ms
[Rendering-Trace]: deallocate took 0.000000 ms
[Rendering-Trace]: deallocate took 0.000000 ms
[Rendering-Trace]: deallocate took 0.000000 ms
[Rendering-Trace]: deallocate took 0.000000 ms
[Rendering-Trace]: deallocate took 0.000000 ms
[Rendering-Trace]: deallocate took 0.000000 ms
[Rendering-Trace]: deallocate took 0.000000 ms
[Rendering-Trace]: deallocate took 0.000000 ms
[Rendering-Trace]: deallocate took 0.000000 ms
[Rendering-Trace]: deallocate took 0.000000 ms
[Rendering-Trace]: deallocate took 0.000000 ms
[Rendering-Trace]: deallocate took 0.000000 ms
[Rendering-Trace]: deallocate took 0.000000 ms
[Rendering-Trace]: deallocate took 0.000000 ms
[Rendering-Trace]: deallocate took 0.000000 ms
[Rendering-Trace]: deallocate took 0.000000 ms
[Rendering-Trace]: deallocate took 0.000000 ms
[Rendering-Trace]: deallocate took 0.000000 ms
[Rendering-Trace]: deallocate took 0.000000 ms
[Rendering-Trace]: deallocate took 0.000000 ms
[Rendering-Trace]: deallocate took 0.000000 ms
[Rendering-Trace]: deallocate took 0.000000 ms
[Rendering-Trace]: deallocate took 0.000000 ms
[Rendering-Trace]: deallocate took 0.000000 ms
[Rendering-Trace]: deallocate took 0.000000 ms
[Rendering-Trace]: deallocate took 0.000000 ms
[Rendering-Trace]: deallocate took 0.000000 ms
[Rendering-Trace]: deallocate took 0.000000 ms
[Rendering-Trace]: deallocate took 0.000000 ms
[Rendering-Trace]: deallocate took 0.000000 ms
[Rendering-Trace]: deallocate took 0.000000 ms
[Rendering-Trace]: deallocate took 0.000000 ms
[Rendering-Trace]: deallocate took 0.000000 ms
[Rendering-Trace]: deallocate took 0.000000 ms
[Rendering-Trace]: deallocate took 0.000000 ms
[Rendering-Trace]: deallocate took 0.000000 ms
[Rendering-Trace]: deallocate took 0.000000 ms
[Rendering-Trace]: deallocate took 0.000000 ms
[Rendering-Trace]: deallocate took 0.000000 ms
[Rendering-Trace]: deallocate took 0.000000 ms
[Rendering-Trace]: deallocate took 0.000000 ms
[Rendering-Trace]: deallocate took 0.000000 ms
[Rendering-Trace]: deallocate took 0.000000 ms
[Rendering-Trace]: deallocate took 0.000000 ms
[Rendering-Trace]: deallocate took 0.000000 ms
[Rendering-Trace]: deallocate took 0.000000 ms
[Rendering-Trace]: deallocate took 0.000000 ms
[Rendering-Trace]: deallocate took 0.000000 ms
[Rendering-Trace]: deallocate took 0.000000 ms
[Rendering-Trace]: deallocate took 0.000000 ms
[Rendering-Trace]: deallocate took 0.000000 ms
[Rendering-Trace]: deallocate took 0.000000 ms
[Rendering-Trace]: deallocate took 0.000000 ms
[Rendering-Trace]: deallocate took 0.000000 ms
[Rendering-Trace]: deallocate took 0.000000 ms
[Rendering-Trace]: deallocate took 0.000000 ms
[Rendering-Trace]: deallocate took 0.000000 ms
[Rendering-Trace]: deallocate took 0.000000 ms
[Rendering-Trace]: deallocate took 0.000000 ms
[Rendering-Trace]: deallocate took 0.000000 ms
[Rendering-Trace]: deallocate took 0.000000 ms
[Rendering-Trace]: deallocate took 0.000000 ms
[Rendering-Trace]: deallocate took 0.000000 ms
[Rendering-Trace]: deallocate took 0.000000 ms
[Rendering-Trace]: deallocate took 0.000000 ms
[Rendering-Trace]: deallocate took 0.000000 ms
[Rendering-Trace]: deallocate took 0.000000 ms
[Rendering-Trace]: deallocate took 0.000000 ms
[Rendering-Trace]: deallocate took 0.000000 ms
[Rendering-Trace]: deallocate took 0.000000 ms
[Rendering-Trace]: deallocate took 0.000000 ms
[Rendering-Trace]: deallocate took 0.000000 ms
[Rendering-Trace]: deallocate took 0.000000 ms
[Rendering-Trace]: deallocate took 0.000000 ms
[Rendering-Trace]: deallocate took 0.000000 ms
[Rendering-Trace]: deallocate took 0.000000 ms
[Rendering-Trace]: deallocate took 0.000000 ms
[Rendering-Trace]: deallocate took 0.000000 ms
[Rendering-Trace]: deallocate took 0.000000 ms
[Rendering-Trace]: deallocate took 0.000000 ms
[Rendering-Trace]: deallocate took 0.000000 ms
[Rendering-Trace]: deallocate took 0.000000 ms
[Rendering-Trace]: deallocate took 0.000000 ms
[Rendering-Trace]: deallocate took 0.000000 ms
[Rendering-Trace]: deallocate took 0.000000 ms
[Rendering-Trace]: deallocate took 0.000000 ms
[Rendering-Trace]: deallocate took 0.000000 ms
[Rendering-Trace]: deallocate took 0.000000 ms
[Rendering-Trace]: deallocate took 0.000000 ms
[Rendering-Trace]: deallocate took 0.000000 ms
[Rendering-Trace]: deallocate took 0.000000 ms
[Rendering-Trace]: deallocate took 0.000000 ms
[Rendering-Trace]: deallocate took 0.000000 ms
[Rendering-Trace]: deallocate took 0.000000 ms
[Rendering-Trace]: deallocate took 0.000000 ms
[Rendering-Trace]: deallocate took 0.000000 ms
[Rendering-Trace]: deallocate took 0.000000 ms
[Rendering-Trace]: deallocate took 0.000000 ms
[Rendering-Trace]: deallocate took 0.000000 ms
[Rendering-Trace]: deallocate took 0.000000 ms
[Rendering-Trace]: deallocate took 0.000000 ms
[Rendering-Trace]: deallocate took 0.000000 ms
[Rendering-Trace]: deallocate took 0.000000 ms
[Rendering-Trace]: deallocate took 0.000000 ms
[Rendering-Trace]: deallocate took 0.000000 ms
[Rendering-Trace]: deallocate took 0.000000 ms
[Rendering-Trace]: deallocate took 0.000000 ms
[Rendering-Trace]: deallocate took 0.000000 ms
[Rendering-Trace]: deallocate took 0.000000 ms
[Rendering-Trace]: deallocate took 0.000000 ms
[Rendering-Trace]: deallocate took 0.000000 ms
[Rendering-Trace]: deallocate took 0.000000 ms
[Rendering-Trace]: deallocate took 0.000000 ms
[Rendering-Trace]: deallocate took 0.000000 ms
[Rendering-Trace]: deallocate took 0.000000 ms
[Rendering-Trace]: deallocate took 0.000000 ms
[Rendering-Trace]: deallocate took 0.000000 ms
[Rendering-Trace]: deallocate took 0.000000 ms
[Rendering-Trace]: deallocate took 0.000000 ms
[Rendering-Trace]: deallocate took 0.000000 ms
[Rendering-Trace]: deallocate took 0.000000 ms
[Rendering-Trace]: deallocate took 0.000000 ms
[Rendering-Trace]: deallocate took 0.000000 ms
[Rendering-Trace]: deallocate took 0.000000 ms
[Rendering-Trace]: deallocate took 0.000000 ms
[Rendering-Trace]: deallocate took 0.000000 ms
[Rendering-Trace]: deallocate took 0.000000 ms
[Rendering-Trace]: deallocate took 0.000000 ms
[Rendering-Trace]: deallocate took 0.000000 ms
[Rendering-Trace]: deallocate took 0.000000 ms
[Rendering-Trace]: deallocate took 0.000000 ms
[Rendering-Trace]: deallocate took 0.000000 ms
[Rendering-Trace]: deallocate took 0.000000 ms
[Rendering-Trace]: deallocate took 0.000000 ms
[Rendering-Trace]: deallocate took 0.000000 ms
[Rendering-Trace]: deallocate took 0.000000 ms
[Rendering-Trace]: deallocate took 0.000000 ms
[Rendering-Trace]: deallocate took 0.000000 ms
[Rendering-Trace]: deallocate took 0.000000 ms
[Rendering-Trace]: deallocate took 0.000000 ms
[Rendering-Trace]: deallocate took 0.000000 ms
[Rendering-Trace]: deallocate took 0.000000 ms
[Rendering-Trace]: deallocate took 0.000000 ms
[Rendering-Trace]: deallocate took 0.000000 ms
[Rendering-Trace]: deallocate took 0.000000 ms
[Rendering-Trace]: deallocate took 0.000000 ms
[Rendering-Trace]: deallocate took 0.000000 ms
[Rendering-Trace]: deallocate took 0.000000 ms
[Rendering-Trace]: deallocate took 0.000000 ms
[Rendering-Trace]: deallocate took 0.000000 ms
[Rendering-Trace]: deallocate took 0.000000 ms
[Rendering-Trace]: deallocate took 0.000000 ms
[Rendering-Trace]: deallocate took 0.000000 ms
[Rendering-Trace]: deallocate took 0.000000 ms
[Rendering-Trace]: deallocate took 0.000000 ms
[Rendering-Trace]: deallocate took 0.000000 ms
[Rendering-Trace]: deallocate took 0.000000 ms
[Rendering-Trace]: deallocate took 0.000000 ms
[Rendering-Trace]: deallocate took 0.000000 ms
[Rendering-Trace]: deallocate took 0.000000 ms
[Rendering-Trace]: deallocate took 0.000000 ms
[Rendering-Trace]: deallocate took 0.000000 ms
[Rendering-Trace]: deallocate took 0.000000 ms
[Rendering-Trace]: deallocate took 0.000000 ms
[Rendering-Trace]: deallocate took 0.000000 ms
[Rendering-Trace]: deallocate took 0.000000 ms
[Rendering-Trace]: deallocate took 0.000000 ms
[Rendering-Trace]: deallocate took 0.000000 ms
[Rendering-Trace]: deallocate took 0.000000 ms
[Rendering-Trace]: deallocate took 0.000000 ms
[Rendering-Trace]: load_model took 931.000000 ms
[Rendering-Trace]: deallocate took 0.000000 ms
[Rendering-Trace]: deallocate took 0.000000 ms
[Rendering-Trace]: deallocate took 0.000000 ms
[Rendering-Trace]: allocate took 0.000000 ms

[Rendering-Trace]: allocate took 0.000000 ms
