[Resource-Trace]: successfully conditioned asset: c:/dev/hope/data/resources/Corset/Corset.gltf
[Resource-Trace]: successfully conditioned asset: c:/dev/hope/data/resources/Sponza/8747919177698443163.jpg
[Resource-Trace]: successfully conditioned asset: c:/dev/hope/data/resources/FlightHelmet/FlightHelmet.gltf
[Resource-Trace]: successfully conditioned asset: c:/dev/hope/data/resources/FlightHelmet/FlightHelmet_Materials_LensesMat_BaseColor.png
[Resource-Trace]: successfully conditioned asset: c:/dev/hope/data/resources/Sponza/8773302468495022225.jpg
[Resource-Trace]: successfully conditioned asset: c:/dev/hope/data/resources/FlightHelmet/FlightHelmet_Materials_LensesMat_Normal.png
[Resource-Trace]: successfully conditioned asset: c:/dev/hope/data/resources/Sponza/11474523244911310074.jpg
[Resource-Trace]: successfully conditioned asset: c:/dev/hope/data/resources/Sponza/14650633544276105767.jpg
[Resource-Trace]: successfully conditioned asset: c:/dev/hope/data/resources/Sponza/8783994986360286082.jpg
[Resource-Trace]: successfully conditioned asset: c:/dev/hope/data/resources/Sponza/11490520546946913238.jpg
[Resource-Trace]: successfully conditioned asset: c:/dev/hope/data/resources/Sponza/2411100444841994089.jpg
[Resource-Trace]: successfully conditioned asset: c:/dev/hope/data/resources/FlightHelmet/FlightHelmet_Materials_GlassPlasticMat_BaseColor.png
[Resource-Trace]: successfully conditioned asset: c:/dev/hope/data/resources/Sponza/4871783166746854860.jpg
[Resource-Trace]: successfully conditioned asset: c:/dev/hope/data/resources/Sponza/9288698199695299068.jpg
[Resource-Trace]: successfully conditioned asset: c:/dev/hope/data/resources/Sponza/white.png
[Resource-Trace]: successfully conditioned asset: c:/dev/hope/data/resources/Corset/Corset_normal.png
[Resource-Trace]: successfully conditioned asset: c:/dev/hope/data/resources/Sponza/715093869573992647.jpg
[Resource-Trace]: successfully conditioned asset: c:/dev/hope/data/resources/Sponza/15295713303328085182.jpg
[Resource-Trace]: successfully conditioned asset: c:/dev/hope/data/resources/FlightHelmet/FlightHelmet_Materials_GlassPlasticMat_Normal.png
[Resource-Trace]: successfully conditioned asset: c:/dev/hope/data/resources/FlightHelmet/FlightHelmet_Materials_LeatherPartsMat_BaseColor.png
[Resource-Trace]: successfully conditioned asset: c:/dev/hope/data/resources/Sponza/2775690330959970771.jpg
[Resource-Trace]: successfully conditioned asset: c:/dev/hope/data/resources/Sponza/7441062115984513793.jpg
[Resource-Trace]: successfully conditioned asset: c:/dev/hope/data/resources/FlightHelmet/FlightHelmet_Materials_MetalPartsMat_OcclusionRoughMetal.png
[Resource-Trace]: successfully conditioned asset: c:/dev/hope/data/resources/Sponza/759203620573749278.jpg
[Resource-Trace]: successfully conditioned asset: c:/dev/hope/data/resources/FlightHelmet/FlightHelmet_Materials_GlassPlasticMat_OcclusionRoughMetal.png
[Resource-Trace]: successfully conditioned asset: c:/dev/hope/data/resources/Corset/Corset_occlusionRoughnessMetallic.png
[Resource-Trace]: successfully conditioned asset: c:/dev/hope/data/resources/FlightHelmet/FlightHelmet_Materials_RubberWoodMat_BaseColor.png
[Resource-Trace]: successfully conditioned asset: c:/dev/hope/data/resources/Sponza/Sponza.gltf
[Resource-Trace]: successfully conditioned asset: c:/dev/hope/data/resources/Sponza/12501374198249454378.jpg
[Resource-Trace]: successfully conditioned asset: c:/dev/hope/data/resources/FlightHelmet/FlightHelmet_Materials_LeatherPartsMat_OcclusionRoughMetal.png
[Resource-Trace]: successfully conditioned asset: c:/dev/hope/data/resources/Sponza/4910669866631290573.jpg
[Resource-Trace]: successfully conditioned asset: c:/dev/hope/data/resources/Sponza/13196865903111448057.jpg
[Resource-Trace]: successfully conditioned asset: c:/dev/hope/data/resources/Sponza/16885566240357350108.jpg
[Resource-Trace]: successfully conditioned asset: c:/dev/hope/data/resources/FlightHelmet/FlightHelmet_Materials_LeatherPartsMat_Normal.png
[Resource-Trace]: successfully conditioned asset: c:/dev/hope/data/resources/FlightHelmet/FlightHelmet_Materials_MetalPartsMat_BaseColor.png
[Resource-Trace]: successfully conditioned asset: c:/dev/hope/data/resources/Sponza/10388182081421875623.jpg
[Resource-Trace]: successfully conditioned asset: c:/dev/hope/data/resources/Sponza/17556969131407844942.jpg
[Resource-Trace]: successfully conditioned asset: c:/dev/hope/data/resources/Sponza/11968150294050148237.jpg
[Resource-Trace]: successfully conditioned asset: c:/dev/hope/data/resources/Sponza/3455394979645218238.jpg
[Resource-Trace]: successfully conditioned asset: c:/dev/hope/data/resources/Sponza/8481240838833932244.jpg
[Resource-Trace]: successfully conditioned asset: c:/dev/hope/data/resources/Sponza/3628158980083700836.jpg
[Resource-Trace]: successfully conditioned asset: c:/dev/hope/data/resources/Corset/Corset_baseColor.png
[Resource-Trace]: successfully conditioned asset: c:/dev/hope/data/resources/Sponza/10381718147657362067.jpg
[Resource-Trace]: successfully conditioned asset: c:/dev/hope/data/resources/Sponza/14267839433702832875.jpg
[Resource-Trace]: successfully conditioned asset: c:/dev/hope/data/resources/Sponza/6047387724914829168.jpg
[Resource-Trace]: successfully conditioned asset: c:/dev/hope/data/resources/Sponza/7268504077753552595.jpg
[Resource-Trace]: successfully conditioned asset: c:/dev/hope/data/resources/Sponza/16275776544635328252.png
[Resource-Trace]: successfully conditioned asset: c:/dev/hope/data/resources/Sponza/14170708867020035030.jpg
[Resource-Trace]: successfully conditioned asset: c:/dev/hope/data/resources/Sponza/7815564343179553343.jpg
[Resource-Trace]: successfully conditioned asset: c:/dev/hope/data/resources/Sponza/5823059166183034438.jpg
[Resource-Trace]: successfully conditioned asset: c:/dev/hope/data/resources/Sponza/2374361008830720677.jpg
[Resource-Trace]: successfully conditioned asset: c:/dev/hope/data/resources/Sponza/332936164838540657.jpg
[Resource-Trace]: successfully conditioned asset: c:/dev/hope/data/resources/Sponza/2299742237651021498.jpg
[Resource-Trace]: successfully conditioned asset: c:/dev/hope/data/resources/FlightHelmet/FlightHelmet_Materials_LensesMat_OcclusionRoughMetal.png
[Resource-Trace]: successfully conditioned asset: c:/dev/hope/data/resources/Sponza/4675343432951571524.jpg
[Resource-Trace]: successfully conditioned asset: c:/dev/hope/data/resources/Sponza/4975155472559461469.jpg
[Resource-Trace]: successfully conditioned asset: c:/dev/hope/data/resources/Sponza/7645212358685992005.jpg
[Resource-Trace]: successfully conditioned asset: c:/dev/hope/data/resources/Sponza/8750083169368950601.jpg
[Resource-Trace]: successfully conditioned asset: c:/dev/hope/data/resources/Sponza/466164707995436622.jpg
[Resource-Trace]: successfully conditioned asset: c:/dev/hope/data/resources/Sponza/11872827283454512094.jpg
[Resource-Trace]: successfully conditioned asset: c:/dev/hope/data/resources/FlightHelmet/FlightHelmet_Materials_RubberWoodMat_Normal.png
[Resource-Trace]: successfully conditioned asset: c:/dev/hope/data/resources/Sponza/9916269861720640319.jpg
[Resource-Trace]: successfully conditioned asset: c:/dev/hope/data/resources/Sponza/7056944414013900257.jpg
[Resource-Trace]: successfully conditioned asset: c:/dev/hope/data/resources/Sponza/6772804448157695701.jpg
[Resource-Trace]: successfully conditioned asset: c:/dev/hope/data/resources/Sponza/5061699253647017043.png
[Resource-Trace]: successfully conditioned asset: c:/dev/hope/data/resources/Sponza/13824894030729245199.jpg
[Resource-Trace]: successfully conditioned asset: c:/dev/hope/data/resources/Sponza/8503262930880235456.jpg
[Resource-Trace]: successfully conditioned asset: c:/dev/hope/data/resources/Sponza/15722799267630235092.jpg
[Resource-Trace]: successfully conditioned asset: c:/dev/hope/data/resources/Sponza/755318871556304029.jpg
[Resource-Trace]: successfully conditioned asset: c:/dev/hope/data/resources/FlightHelmet/FlightHelmet_Materials_RubberWoodMat_OcclusionRoughMetal.png
[Resource-Trace]: successfully conditioned asset: c:/dev/hope/data/resources/Sponza/8006627369776289000.png
[Resource-Trace]: successfully conditioned asset: c:/dev/hope/data/resources/Sponza/2969916736137545357.jpg
[Resource-Trace]: successfully conditioned asset: c:/dev/hope/data/resources/Sponza/17876391417123941155.jpg
[Resource-Trace]: successfully conditioned asset: c:/dev/hope/data/resources/Sponza/8114461559286000061.jpg
[Resource-Trace]: successfully conditioned asset: c:/dev/hope/data/resources/Sponza/13982482287905699490.jpg
[Resource-Trace]: successfully conditioned asset: c:/dev/hope/data/resources/FlightHelmet/FlightHelmet_Materials_MetalPartsMat_Normal.png
[Resource-Trace]: successfully conditioned asset: c:/dev/hope/data/resources/Sponza/2051777328469649772.jpg
[Resource-Trace]: successfully conditioned asset: c:/dev/hope/data/resources/Sponza/3827035219084910048.jpg
[Resource-Trace]: successfully conditioned asset: c:/dev/hope/data/resources/Sponza/5792855332885324923.jpg
[Resource-Trace]: successfully conditioned asset: c:/dev/hope/data/resources/Sponza/1219024358953944284.jpg
[Resource-Trace]: successfully conditioned asset: c:/dev/hope/data/resources/Sponza/4477655471536070370.jpg
[Resource-Trace]: successfully conditioned asset: c:/dev/hope/data/resources/Sponza/16299174074766089871.jpg
[Resource-Trace]: successfully conditioned asset: c:/dev/hope/data/resources/Sponza/6151467286084645207.jpg
[Resource-Trace]: successfully conditioned asset: c:/dev/hope/data/resources/Sponza/6667038893015345571.jpg
[Resource-Trace]: successfully conditioned asset: c:/dev/hope/data/resources/Sponza/6593109234861095314.jpg
[Resource-Trace]: successfully conditioned asset: c:/dev/hope/data/resources/Sponza/3371964815757888145.jpg
[Resource-Trace]: successfully conditioned asset: c:/dev/hope/data/resources/Sponza/8051790464816141987.jpg
[Resource-Trace]: successfully conditioned asset: c:/dev/hope/data/resources/Sponza/4601176305987539675.jpg
[Resource-Trace]: successfully conditioned asset: c:/dev/hope/data/resources/Sponza/2185409758123873465.jpg
[Resource-Trace]: successfully conditioned asset: c:/dev/hope/data/resources/opaque_pbr.glsl
[Resource-Trace]: successfully conditioned asset: c:/dev/hope/data/resources/Sponza/14118779221266351425.jpg
[Resource-Trace]: resource loaded: white pixel
[Resource-Trace]: resource loaded: normal pixel
[Resource-Trace]: resource loaded: skybox
[Resource-Trace]: resource loaded: cube static mesh
[Resource-Trace]: resource loaded: Sponza/Sponza.hres
[Resource-Trace]: resource loaded: FlightHelmet/FlightHelmet.hres
[Resource-Trace]: resource loaded: opaque_pbr.hres
[Resource-Trace]: resource loaded: FlightHelmet/static_mesh_Hose_low.hres
[Resource-Trace]: resource loaded: FlightHelmet/static_mesh_MetalParts_low.hres
[Resource-Trace]: resource loaded: FlightHelmet/material_LeatherPartsMat.hres
[Resource-Trace]: resource loaded: FlightHelmet/material_RubberWoodMat.hres
[Resource-Trace]: resource loaded: FlightHelmet/material_HoseMat.hres
[Resource-Trace]: resource loaded: FlightHelmet/static_mesh_Lenses_low.hres
[Resource-Trace]: resource loaded: FlightHelmet/material_MetalPartsMat.hres
[Resource-Trace]: resource loaded: FlightHelmet/material_GlassPlasticMat.hres
[Resource-Trace]: resource loaded: FlightHelmet/static_mesh_RubberWood_low.hres
[Resource-Trace]: resource loaded: FlightHelmet/material_LensesMat.hres
[Resource-Trace]: resource loaded: Sponza/static_mesh_Sponza.hres
[Resource-Trace]: resource loaded: Sponza/material_Material_3.hres
[Resource-Trace]: resource loaded: Sponza/material_Material_4.hres
[Resource-Trace]: resource loaded: Sponza/material_Material_9.hres
[Resource-Trace]: resource loaded: Sponza/material_Material_13.hres
[Resource-Trace]: resource loaded: Sponza/material_Material_0.hres
[Resource-Trace]: resource loaded: Sponza/material_Material_12.hres
[Resource-Trace]: resource loaded: Sponza/material_Material_6.hres
[Resource-Trace]: resource loaded: FlightHelmet/static_mesh_GlassPlastic_low.hres
[Resource-Trace]: resource loaded: Sponza/material_Material_8.hres
[Resource-Trace]: resource loaded: FlightHelmet/static_mesh_LeatherParts_low.hres
[Resource-Trace]: resource loaded: Sponza/material_Material_15.hres
[Resource-Trace]: resource loaded: Sponza/material_Material_7.hres
[Resource-Trace]: resource loaded: Sponza/material_Material_18.hres
[Resource-Trace]: resource loaded: Sponza/material_Material_19.hres
[Resource-Trace]: resource loaded: Sponza/material_Material_20.hres
[Resource-Trace]: resource loaded: Sponza/material_Material_11.hres
[Resource-Trace]: resource loaded: Sponza/material_Material_1.hres
[Resource-Trace]: resource loaded: Sponza/material_Material_17.hres
[Resource-Trace]: resource loaded: Sponza/material_Material_14.hres
[Resource-Trace]: resource loaded: Sponza/material_Material_5.hres
[Resource-Trace]: resource loaded: Sponza/material_Material_2.hres
[Resource-Trace]: resource loaded: Sponza/material_Material_16.hres
[Resource-Trace]: resource loaded: Sponza/material_Material_22.hres
[Resource-Trace]: resource loaded: Sponza/material_Material_10.hres
[Resource-Trace]: resource loaded: Sponza/material_Material_24.hres
[Resource-Trace]: resource loaded: Sponza/material_Material_23.hres
[Resource-Trace]: resource loaded: Sponza/material_Material_21.hres
[Resource-Trace]: resource loaded: FlightHelmet/FlightHelmet_Materials_LensesMat_Normal.hres
[Resource-Trace]: resource loaded: Sponza/8006627369776289000.hres
[Resource-Trace]: resource loaded: Sponza/16885566240357350108.hres
[Resource-Trace]: resource loaded: FlightHelmet/FlightHelmet_Materials_RubberWoodMat_Normal.hres
[Resource-Trace]: resource loaded: FlightHelmet/FlightHelmet_Materials_LeatherPartsMat_Normal.hres
[Resource-Trace]: resource loaded: FlightHelmet/FlightHelmet_Materials_RubberWoodMat_BaseColor.hres
[Resource-Trace]: resource loaded: FlightHelmet/FlightHelmet_Materials_GlassPlasticMat_BaseColor.hres
[Resource-Trace]: resource loaded: FlightHelmet/FlightHelmet_Materials_LeatherPartsMat_BaseColor.hres
[Resource-Trace]: resource loaded: FlightHelmet/FlightHelmet_Materials_MetalPartsMat_Normal.hres
[Resource-Trace]: resource loaded: FlightHelmet/FlightHelmet_Materials_RubberWoodMat_OcclusionRoughMetal.hres
[Resource-Trace]: resource loaded: FlightHelmet/FlightHelmet_Materials_LeatherPartsMat_OcclusionRoughMetal.hres
[Resource-Trace]: resource loaded: FlightHelmet/FlightHelmet_Materials_LensesMat_BaseColor.hres
[Resource-Trace]: resource loaded: Sponza/13824894030729245199.hres
[Resource-Trace]: resource loaded: Sponza/12501374198249454378.hres
[Resource-Trace]: resource loaded: Sponza/8783994986360286082.hres
[Resource-Trace]: resource loaded: FlightHelmet/FlightHelmet_Materials_MetalPartsMat_BaseColor.hres
[Resource-Trace]: resource loaded: FlightHelmet/FlightHelmet_Materials_LensesMat_OcclusionRoughMetal.hres
[Resource-Trace]: resource loaded: Sponza/2299742237651021498.hres
[Resource-Trace]: resource loaded: Sponza/14267839433702832875.hres
[Resource-Trace]: resource loaded: Sponza/13982482287905699490.hres
[Resource-Trace]: resource loaded: FlightHelmet/FlightHelmet_Materials_GlassPlasticMat_Normal.hres
[Resource-Trace]: resource loaded: FlightHelmet/FlightHelmet_Materials_GlassPlasticMat_OcclusionRoughMetal.hres
[Resource-Trace]: resource loaded: Sponza/715093869573992647.hres
[Resource-Trace]: resource loaded: Sponza/11872827283454512094.hres
[Resource-Trace]: resource loaded: Sponza/15722799267630235092.hres
[Resource-Trace]: resource loaded: Sponza/11474523244911310074.hres
[Resource-Trace]: resource loaded: Sponza/7815564343179553343.hres
[Resource-Trace]: resource loaded: Sponza/5061699253647017043.hres
[Resource-Trace]: resource loaded: FlightHelmet/FlightHelmet_Materials_MetalPartsMat_OcclusionRoughMetal.hres
[Resource-Trace]: resource loaded: Sponza/2051777328469649772.hres
[Resource-Trace]: resource loaded: Sponza/4975155472559461469.hres
[Resource-Trace]: resource loaded: Sponza/14650633544276105767.hres
[Resource-Trace]: resource loaded: Sponza/5823059166183034438.hres
[Resource-Trace]: resource loaded: Sponza/7268504077753552595.hres
[Resource-Trace]: resource loaded: Sponza/9288698199695299068.hres
[Resource-Trace]: resource loaded: Sponza/2775690330959970771.hres
[Resource-Trace]: resource loaded: Sponza/8750083169368950601.hres
[Resource-Trace]: resource loaded: Sponza/14170708867020035030.hres
[Resource-Trace]: resource loaded: Sponza/7645212358685992005.hres
[Resource-Trace]: resource loaded: Sponza/10388182081421875623.hres
[Resource-Trace]: resource loaded: Sponza/2374361008830720677.hres
[Resource-Trace]: resource loaded: Sponza/8051790464816141987.hres
[Resource-Trace]: resource loaded: Sponza/9916269861720640319.hres
[Resource-Trace]: resource loaded: Sponza/3371964815757888145.hres
[Resource-Trace]: resource loaded: Sponza/6151467286084645207.hres
[Resource-Trace]: resource loaded: Sponza/3628158980083700836.hres
[Resource-Trace]: resource loaded: Sponza/8773302468495022225.hres
[Resource-Trace]: resource loaded: Sponza/16275776544635328252.hres
[Resource-Trace]: resource loaded: Sponza/6047387724914829168.hres
[Resource-Trace]: resource loaded: Sponza/7056944414013900257.hres
[Resource-Trace]: resource loaded: Sponza/11490520546946913238.hres
[Resource-Trace]: resource loaded: Sponza/466164707995436622.hres
[Resource-Trace]: resource loaded: Sponza/8503262930880235456.hres
[Resource-Trace]: resource loaded: Sponza/16299174074766089871.hres
[Resource-Trace]: resource loaded: Sponza/15295713303328085182.hres
[Resource-Trace]: resource loaded: Sponza/6593109234861095314.hres
[Resource-Trace]: resource loaded: Sponza/4871783166746854860.hres
[Resource-Trace]: resource loaded: Sponza/white.hres
[Resource-Trace]: resource loaded: Sponza/3455394979645218238.hres
[Resource-Trace]: resource loaded: Sponza/8114461559286000061.hres
[Resource-Trace]: resource loaded: Sponza/1219024358953944284.hres
[Resource-Trace]: resource loaded: Sponza/4910669866631290573.hres
[Resource-Trace]: resource loaded: Sponza/2969916736137545357.hres
[Resource-Trace]: resource loaded: Sponza/4477655471536070370.hres
[Resource-Trace]: resource loaded: Sponza/17876391417123941155.hres
[Resource-Trace]: resource loaded: Sponza/755318871556304029.hres
[Resource-Trace]: resource loaded: Sponza/8481240838833932244.hres
[Resource-Trace]: resource loaded: Sponza/14118779221266351425.hres
[Resource-Trace]: resource loaded: Sponza/2185409758123873465.hres
[Resource-Trace]: resource loaded: Sponza/4675343432951571524.hres
[Resource-Trace]: resource loaded: Sponza/4601176305987539675.hres
[Resource-Trace]: resource loaded: Sponza/8747919177698443163.hres
[Resource-Trace]: resource loaded: Sponza/759203620573749278.hres
[Resource-Trace]: resource loaded: Sponza/3827035219084910048.hres
[Resource-Trace]: resource loaded: Sponza/13196865903111448057.hres
[Resource-Trace]: resource loaded: Sponza/10381718147657362067.hres
[Resource-Trace]: resource loaded: Sponza/5792855332885324923.hres
[Resource-Trace]: resource loaded: Sponza/6772804448157695701.hres
[Resource-Trace]: resource loaded: Sponza/17556969131407844942.hres
[Resource-Trace]: resource loaded: Sponza/2411100444841994089.hres
[Resource-Trace]: resource loaded: Sponza/11968150294050148237.hres
[Resource-Trace]: resource loaded: Sponza/332936164838540657.hres
[Resource-Trace]: resource loaded: Sponza/7441062115984513793.hres
[Resource-Trace]: resource loaded: Sponza/6667038893015345571.hres
